<?xml version="1.0" encoding="UTF-8"?>
<!-- Generated by org.testng.reporters.JUnitXMLReporter -->
<testsuite hostname="Nehat" ignored="0" name="CreateNewDefinition" tests="1" failures="1" timestamp="21 Sep 2017 05:49:39 GMT" time="92.823" errors="0">
  <testcase name="createDefinition" time="77.645" classname="testCases.myPIM.CreateNewDefinition">
    <failure type="org.openqa.selenium.NoSuchElementException" message="Unable to locate element: html/body/app-root/simple-notifications/div/simple-notification/div/div[1]/div[2]
For documentation on this error, please visit: http://seleniumhq.org/exceptions/no_such_element.html
Build info: version: &amp;apos;3.5.3&amp;apos;, revision: &amp;apos;a88d25fe6b&amp;apos;, time: &amp;apos;2017-08-29T12:54:15.039Z&amp;apos;
System info: host: &amp;apos;NEHAT&amp;apos;, ip: &amp;apos;192.168.10.194&amp;apos;, os.name: &amp;apos;Windows 7&amp;apos;, os.arch: &amp;apos;amd64&amp;apos;, os.version: &amp;apos;6.1&amp;apos;, java.version: &amp;apos;1.8.0_73&amp;apos;
Driver info: org.openqa.selenium.firefox.FirefoxDriver
Capabilities [{moz:profile=C:\Users\NEHATA~1\AppData\Local\Temp\rust_mozprofile.AhWco6EeiK14, rotatable=false, timeouts={implicit=0, pageLoad=300000, script=30000}, pageLoadStrategy=normal, platform=XP, specificationLevel=0, moz:accessibilityChecks=false, acceptInsecureCerts=false, browserVersion=55.0.3, platformVersion=6.1, moz:processID=4768, browserName=firefox, javascriptEnabled=true, platformName=XP}]
Session ID: caef33b6-c2a0-4440-975a-002a766cc838
*** Element info: {Using=xpath, value=html/body/app-root/simple-notifications/div/simple-notification/div/div[1]/div[2]}">
      <![CDATA[org.openqa.selenium.NoSuchElementException: Unable to locate element: html/body/app-root/simple-notifications/div/simple-notification/div/div[1]/div[2]
For documentation on this error, please visit: http://seleniumhq.org/exceptions/no_such_element.html
Build info: version: '3.5.3', revision: 'a88d25fe6b', time: '2017-08-29T12:54:15.039Z'
System info: host: 'NEHAT', ip: '192.168.10.194', os.name: 'Windows 7', os.arch: 'amd64', os.version: '6.1', java.version: '1.8.0_73'
Driver info: org.openqa.selenium.firefox.FirefoxDriver
Capabilities [{moz:profile=C:\Users\NEHATA~1\AppData\Local\Temp\rust_mozprofile.AhWco6EeiK14, rotatable=false, timeouts={implicit=0, pageLoad=300000, script=30000}, pageLoadStrategy=normal, platform=XP, specificationLevel=0, moz:accessibilityChecks=false, acceptInsecureCerts=false, browserVersion=55.0.3, platformVersion=6.1, moz:processID=4768, browserName=firefox, javascriptEnabled=true, platformName=XP}]
Session ID: caef33b6-c2a0-4440-975a-002a766cc838
*** Element info: {Using=xpath, value=html/body/app-root/simple-notifications/div/simple-notification/div/div[1]/div[2]}
	at org.openqa.selenium.remote.http.W3CHttpResponseCodec.createException(W3CHttpResponseCodec.java:185)
	at org.openqa.selenium.remote.http.W3CHttpResponseCodec.decode(W3CHttpResponseCodec.java:120)
	at org.openqa.selenium.remote.http.W3CHttpResponseCodec.decode(W3CHttpResponseCodec.java:49)
	at org.openqa.selenium.remote.HttpCommandExecutor.execute(HttpCommandExecutor.java:164)
	at org.openqa.selenium.remote.service.DriverCommandExecutor.execute(DriverCommandExecutor.java:82)
	at org.openqa.selenium.remote.RemoteWebDriver.execute(RemoteWebDriver.java:646)
	at org.openqa.selenium.remote.RemoteWebDriver.findElement(RemoteWebDriver.java:416)
	at org.openqa.selenium.remote.RemoteWebDriver.findElementByXPath(RemoteWebDriver.java:518)
	at org.openqa.selenium.By$ByXPath.findElement(By.java:361)
	at org.openqa.selenium.remote.RemoteWebDriver.findElement(RemoteWebDriver.java:408)
	at testCases.myPIM.CreateNewDefinition.createDefinition(CreateNewDefinition.java:77)
... Removed 29 stack frames]]>
    </failure>
  </testcase> <!-- createDefinition -->
</testsuite> <!-- CreateNewDefinition -->
