<?xml version="1.0" encoding="UTF-8"?>
<!-- Generated by org.testng.reporters.JUnitXMLReporter -->
<testsuite hostname="Nehat" ignored="0" name="ImportDefinition" tests="1" failures="1" timestamp="22 Sep 2017 06:12:27 GMT" time="58.619" errors="0">
  <testcase name="importdefinition" time="47.815" classname="testCases.myPIM.ImportDefinition">
    <failure type="org.openqa.selenium.InvalidArgumentException" message="File not found: D:\Study material\Selenium\marsWorkspace\JointMedia\Test_Files\4milestonedefinition.json
Build info: version: &amp;apos;3.5.3&amp;apos;, revision: &amp;apos;a88d25fe6b&amp;apos;, time: &amp;apos;2017-08-29T12:54:15.039Z&amp;apos;
System info: host: &amp;apos;NEHAT&amp;apos;, ip: &amp;apos;192.168.10.194&amp;apos;, os.name: &amp;apos;Windows 7&amp;apos;, os.arch: &amp;apos;amd64&amp;apos;, os.version: &amp;apos;6.1&amp;apos;, java.version: &amp;apos;1.8.0_73&amp;apos;
Driver info: org.openqa.selenium.firefox.FirefoxDriver
Capabilities [{moz:profile=C:\Users\NEHATA~1\AppData\Local\Temp\rust_mozprofile.WTVrUydsedMo, rotatable=false, timeouts={implicit=0, pageLoad=300000, script=30000}, pageLoadStrategy=normal, platform=XP, specificationLevel=0, moz:accessibilityChecks=false, acceptInsecureCerts=false, browserVersion=55.0.3, platformVersion=6.1, moz:processID=13264, browserName=firefox, javascriptEnabled=true, platformName=XP}]
Session ID: d719364a-f50b-46c9-b37c-d82085e76d0f">
      <![CDATA[org.openqa.selenium.InvalidArgumentException: File not found: D:\Study material\Selenium\marsWorkspace\JointMedia\Test_Files\4milestonedefinition.json
Build info: version: '3.5.3', revision: 'a88d25fe6b', time: '2017-08-29T12:54:15.039Z'
System info: host: 'NEHAT', ip: '192.168.10.194', os.name: 'Windows 7', os.arch: 'amd64', os.version: '6.1', java.version: '1.8.0_73'
Driver info: org.openqa.selenium.firefox.FirefoxDriver
Capabilities [{moz:profile=C:\Users\NEHATA~1\AppData\Local\Temp\rust_mozprofile.WTVrUydsedMo, rotatable=false, timeouts={implicit=0, pageLoad=300000, script=30000}, pageLoadStrategy=normal, platform=XP, specificationLevel=0, moz:accessibilityChecks=false, acceptInsecureCerts=false, browserVersion=55.0.3, platformVersion=6.1, moz:processID=13264, browserName=firefox, javascriptEnabled=true, platformName=XP}]
Session ID: d719364a-f50b-46c9-b37c-d82085e76d0f
	at org.openqa.selenium.remote.http.W3CHttpResponseCodec.createException(W3CHttpResponseCodec.java:185)
	at org.openqa.selenium.remote.http.W3CHttpResponseCodec.decode(W3CHttpResponseCodec.java:120)
	at org.openqa.selenium.remote.http.W3CHttpResponseCodec.decode(W3CHttpResponseCodec.java:49)
	at org.openqa.selenium.remote.HttpCommandExecutor.execute(HttpCommandExecutor.java:164)
	at org.openqa.selenium.remote.service.DriverCommandExecutor.execute(DriverCommandExecutor.java:82)
	at org.openqa.selenium.remote.RemoteWebDriver.execute(RemoteWebDriver.java:646)
	at org.openqa.selenium.remote.RemoteWebElement.execute(RemoteWebElement.java:275)
	at org.openqa.selenium.remote.RemoteWebElement.sendKeys(RemoteWebElement.java:99)
	at testCases.myPIM.ImportDefinition.importdefinition(ImportDefinition.java:81)
... Removed 29 stack frames]]>
    </failure>
  </testcase> <!-- importdefinition -->
</testsuite> <!-- ImportDefinition -->
