<?xml version="1.0" encoding="UTF-8"?>
<!-- Generated by org.testng.reporters.JUnitXMLReporter -->
<testsuite hostname="Preeti" ignored="0" name="MTA_7_InvalidUserLogin" tests="1" failures="0" timestamp="14 Feb 2018 07:09:59 GMT" time="23.668" errors="0">
  <testcase name="@AfterClass closeBrowser" time="0.0" classname="testCases.myPIM.MTA_7_InvalidUserLogin">
    <failure type="org.testng.TestNGException" message="
Can inject only one of &amp;lt;ITestContext, XmlTest&amp;gt; into a @AfterClass annotated closeBrowser.
For more information on native dependency injection please refer to http://testng.org/doc/documentation-main.html#native-dependency-injection">
      <![CDATA[org.testng.TestNGException: Can inject only one of <ITestContext, XmlTest> into a @AfterClass annotated closeBrowser.For more information on native dependency injection please refer to http://testng.org/doc/documentation-main.html#native-dependency-injection... Removed 23 stack frames]]>
    </failure>
  </testcase> <!-- @AfterClass closeBrowser -->
  <testcase name="InvalidUserLogin" time="19.555" classname="testCases.myPIM.MTA_7_InvalidUserLogin"/>
</testsuite> <!-- MTA_7_InvalidUserLogin -->
